Wed Oct 25 17:39:20 BRST 2017...Iniciando Componentes 
Wed Oct 25 17:39:21 BRST 2017...Iniciando Thread de segundo plano 
Wed Oct 25 17:39:21 BRST 2017...Sistema iniciado... 
Wed Oct 25 17:39:28 BRST 2017...Tentativa de acesso ao sistema falhou... 
Wed Oct 25 17:39:36 BRST 2017...Tentativa de acesso ao sistema falhou... 
Wed Oct 25 17:39:44 BRST 2017...Login como usuario Root
Wed Oct 25 17:52:04 BRST 2017...Iniciando Componentes 
Wed Oct 25 17:52:04 BRST 2017...Iniciando Thread de segundo plano 
Wed Oct 25 17:52:04 BRST 2017...Sistema iniciado... 
Wed Oct 25 18:07:49 BRST 2017...Iniciando Componentes 
Wed Oct 25 18:07:49 BRST 2017...Iniciando Thread de segundo plano 
Wed Oct 25 18:07:49 BRST 2017...Sistema iniciado... 
Wed Oct 25 18:07:57 BRST 2017...Login como usuario Root
Wed Oct 25 18:09:30 BRST 2017...Iniciando Componentes 
Wed Oct 25 18:09:30 BRST 2017...Iniciando Thread de segundo plano 
Wed Oct 25 18:09:31 BRST 2017...Sistema iniciado... 
Wed Oct 25 18:09:52 BRST 2017...Login como usuario Root
Wed Oct 25 18:11:11 BRST 2017...Iniciando Componentes 
Wed Oct 25 18:11:11 BRST 2017...Iniciando Thread de segundo plano 
Wed Oct 25 18:11:11 BRST 2017...Sistema iniciado... 
Wed Oct 25 18:11:17 BRST 2017...Login como usuario Root
Wed Oct 25 18:15:28 BRST 2017...Iniciando Componentes 
Wed Oct 25 18:15:28 BRST 2017...Iniciando Thread de segundo plano 
Wed Oct 25 18:15:28 BRST 2017...Sistema iniciado... 
Wed Oct 25 18:15:35 BRST 2017...Login como usuario Root
Wed Oct 25 18:18:46 BRST 2017...Iniciando Componentes 
Wed Oct 25 18:18:46 BRST 2017...Iniciando Thread de segundo plano 
Wed Oct 25 18:18:46 BRST 2017...Sistema iniciado... 
Wed Oct 25 18:18:51 BRST 2017...Login como usuario Root
Wed Oct 25 18:20:16 BRST 2017...Iniciando Componentes 
Wed Oct 25 18:20:16 BRST 2017...Iniciando Thread de segundo plano 
Wed Oct 25 18:20:17 BRST 2017...Sistema iniciado... 
Wed Oct 25 18:20:22 BRST 2017...Login como usuario Root
Wed Oct 25 18:26:50 BRST 2017...Iniciando Componentes 
Wed Oct 25 18:26:50 BRST 2017...Iniciando Thread de segundo plano 
Wed Oct 25 18:26:50 BRST 2017...Sistema iniciado... 
Wed Oct 25 18:27:00 BRST 2017...Login como usuario Root
Wed Oct 25 18:28:51 BRST 2017...Iniciando Componentes 
Wed Oct 25 18:28:51 BRST 2017...Iniciando Thread de segundo plano 
Wed Oct 25 18:28:51 BRST 2017...Sistema iniciado... 
Wed Oct 25 18:28:59 BRST 2017...Login como usuario Root
Wed Oct 25 18:29:46 BRST 2017...Iniciando Componentes 
Wed Oct 25 18:29:46 BRST 2017...Iniciando Thread de segundo plano 
Wed Oct 25 18:29:46 BRST 2017...Sistema iniciado... 
Wed Oct 25 18:29:58 BRST 2017...Iniciando Componentes 
Wed Oct 25 18:29:58 BRST 2017...Iniciando Thread de segundo plano 
Wed Oct 25 18:29:58 BRST 2017...Sistema iniciado... 
Wed Oct 25 18:30:04 BRST 2017...Login como usuario Root
Wed Oct 25 18:31:35 BRST 2017...Iniciando Componentes 
Wed Oct 25 18:31:35 BRST 2017...Iniciando Thread de segundo plano 
Wed Oct 25 18:31:35 BRST 2017...Sistema iniciado... 
Wed Oct 25 18:31:40 BRST 2017...Login como usuario Root
Wed Oct 25 18:33:02 BRST 2017...Iniciando Componentes 
Wed Oct 25 18:33:02 BRST 2017...Iniciando Thread de segundo plano 
Wed Oct 25 18:33:02 BRST 2017...Sistema iniciado... 
Wed Oct 25 18:33:09 BRST 2017...Login como usuario Root
Thu Oct 26 09:40:47 BRST 2017...Iniciando Componentes 
Thu Oct 26 09:40:47 BRST 2017...Iniciando Thread de segundo plano 
Thu Oct 26 09:40:47 BRST 2017...Sistema iniciado... 