Wed Oct 25 17:53:05 BRST 2017...Finalizada execucao da Threaad... Dados analizados: 521
 Dados Alterados: 0
Wed Oct 25 17:53:05 BRST 2017...Iniciando execucao da Thread 
Wed Oct 25 17:54:06 BRST 2017...Finalizada execucao da Threaad... Dados analizados: 521
 Dados Alterados: 0
Wed Oct 25 17:54:06 BRST 2017...Iniciando execucao da Thread 
Wed Oct 25 17:55:06 BRST 2017...Finalizada execucao da Threaad... Dados analizados: 521
 Dados Alterados: 0
Wed Oct 25 17:55:06 BRST 2017...Iniciando execucao da Thread 
Wed Oct 25 17:56:07 BRST 2017...Finalizada execucao da Threaad... Dados analizados: 521
 Dados Alterados: 0
Wed Oct 25 17:56:07 BRST 2017...Iniciando execucao da Thread 
Wed Oct 25 17:57:07 BRST 2017...Finalizada execucao da Threaad... Dados analizados: 521
 Dados Alterados: 0
Wed Oct 25 17:57:07 BRST 2017...Iniciando execucao da Thread 
Wed Oct 25 18:09:53 BRST 2017...Finalizado com sucesso conexao com banco externo e salvando banco local
Wed Oct 25 18:10:01 BRST 2017...Iniciando conexao com banco externo e salvando banco local
Wed Oct 25 18:10:01 BRST 2017...Finalizado com sucesso conexao com banco externo e salvando banco local
Wed Oct 25 18:11:18 BRST 2017...Finalizado com sucesso conexao com banco externo e salvando banco local
Wed Oct 25 18:15:35 BRST 2017...Finalizado com sucesso conexao com banco externo e salvando banco local
Wed Oct 25 18:18:52 BRST 2017...Finalizado com sucesso conexao com banco externo e salvando banco local
Wed Oct 25 18:18:59 BRST 2017...Iniciando conexao com banco externo e salvando banco local
Wed Oct 25 18:18:59 BRST 2017...Finalizado com sucesso conexao com banco externo e salvando banco local
Wed Oct 25 18:19:05 BRST 2017...Iniciando conexao com banco externo e salvando banco local
Wed Oct 25 18:19:06 BRST 2017...Finalizado com sucesso conexao com banco externo e salvando banco local
Wed Oct 25 18:19:06 BRST 2017...Iniciando conexao com banco externo e salvando banco local
Wed Oct 25 18:19:07 BRST 2017...Finalizado com sucesso conexao com banco externo e salvando banco local
Wed Oct 25 18:20:22 BRST 2017...Finalizado com sucesso conexao com banco externo e salvando banco local
Wed Oct 25 18:20:42 BRST 2017...Iniciando conexao com banco externo e salvando banco local
Wed Oct 25 18:20:42 BRST 2017...Finalizado com sucesso conexao com banco externo e salvando banco local
Wed Oct 25 18:27:01 BRST 2017...Finalizado com sucesso conexao com banco externo e salvando banco local
Wed Oct 25 18:27:11 BRST 2017...Iniciando conexao com banco externo e salvando banco local
Wed Oct 25 18:27:11 BRST 2017...Finalizado com sucesso conexao com banco externo e salvando banco local
Wed Oct 25 18:27:51 BRST 2017...Finalizada execucao da Threaad... Dados analizados: 521
 Dados Alterados: 0
Wed Oct 25 18:27:51 BRST 2017...Iniciando execucao da Thread 
Wed Oct 25 18:28:59 BRST 2017...Finalizado com sucesso conexao com banco externo e salvando banco local
Wed Oct 25 18:29:14 BRST 2017...Iniciando conexao com banco externo e salvando banco local
Wed Oct 25 18:29:15 BRST 2017...Finalizado com sucesso conexao com banco externo e salvando banco local
Wed Oct 25 18:29:21 BRST 2017...Iniciando conexao com banco externo e salvando banco local
Wed Oct 25 18:29:21 BRST 2017...Finalizado com sucesso conexao com banco externo e salvando banco local
Wed Oct 25 18:29:53 BRST 2017...erro ao carregar dados em segundo plano java.sql.SQLException: Illegal operation on empty result set.
Wed Oct 25 18:29:53 BRST 2017...Finalizada execucao da Threaad... Dados analizados: 0
 Dados Alterados: 0
Wed Oct 25 18:29:53 BRST 2017...Iniciando execucao da Thread 
Wed Oct 25 18:30:05 BRST 2017...Finalizado com sucesso conexao com banco externo e salvando banco local
Wed Oct 25 18:30:06 BRST 2017...Iniciando conexao com banco externo e salvando banco local
Wed Oct 25 18:30:07 BRST 2017...Finalizado com sucesso conexao com banco externo e salvando banco local
Wed Oct 25 18:31:41 BRST 2017...Finalizado com sucesso conexao com banco externo e salvando banco local
Wed Oct 25 18:31:44 BRST 2017...Iniciando conexao com banco externo e salvando banco local
Wed Oct 25 18:31:44 BRST 2017...Finalizado com sucesso conexao com banco externo e salvando banco local
Wed Oct 25 18:33:10 BRST 2017...Finalizado com sucesso conexao com banco externo e salvando banco local
Wed Oct 25 18:33:12 BRST 2017...Iniciando conexao com banco externo e salvando banco local
Wed Oct 25 18:33:33 BRST 2017...Finalizado com sucesso conexao com banco externo e salvando banco local
Wed Oct 25 18:34:03 BRST 2017...Finalizada execucao da Threaad... Dados analizados: 521
 Dados Alterados: 0
Wed Oct 25 18:34:03 BRST 2017...Iniciando execucao da Thread 
Wed Oct 25 18:34:17 BRST 2017...Finalizado com sucesso conexao com banco externo e salvando banco local
Thu Oct 26 09:41:48 BRST 2017...Finalizada execucao da Threaad... Dados analizados: 521
 Dados Alterados: 0
Thu Oct 26 09:41:49 BRST 2017...Iniciando execucao da Thread 
Thu Oct 26 09:42:49 BRST 2017...Finalizada execucao da Threaad... Dados analizados: 521
 Dados Alterados: 0
Thu Oct 26 09:42:49 BRST 2017...Iniciando execucao da Thread 
Thu Oct 26 09:43:49 BRST 2017...Finalizada execucao da Threaad... Dados analizados: 521
 Dados Alterados: 0
Thu Oct 26 09:43:49 BRST 2017...Iniciando execucao da Thread 
Thu Oct 26 09:44:50 BRST 2017...Finalizada execucao da Threaad... Dados analizados: 521
 Dados Alterados: 0
Thu Oct 26 09:44:50 BRST 2017...Iniciando execucao da Thread 
Thu Oct 26 09:45:50 BRST 2017...Finalizada execucao da Threaad... Dados analizados: 521
 Dados Alterados: 0
Thu Oct 26 09:45:50 BRST 2017...Iniciando execucao da Thread 
Thu Oct 26 09:46:51 BRST 2017...Finalizada execucao da Threaad... Dados analizados: 521
 Dados Alterados: 0
Thu Oct 26 09:46:51 BRST 2017...Iniciando execucao da Thread 
Thu Oct 26 09:47:51 BRST 2017...Finalizada execucao da Threaad... Dados analizados: 521
 Dados Alterados: 0
Thu Oct 26 09:47:51 BRST 2017...Iniciando execucao da Thread 
Thu Oct 26 09:48:52 BRST 2017...Finalizada execucao da Threaad... Dados analizados: 521
 Dados Alterados: 0
Thu Oct 26 09:48:52 BRST 2017...Iniciando execucao da Thread 